<?xml version="1.0" encoding="UTF-8" ?>
<testsuite tests="27" failures="0" name="no.dh.storagesystem.service.StorageSystemTest" time="0.255" errors="0" skipped="0">
  <properties>
    <property name="java.runtime.name" value="Java(TM) SE Runtime Environment"/>
    <property name="sun.boot.library.path" value="C:\Program Files\Java\jdk1.8.0_25\jre\bin"/>
    <property name="java.vm.version" value="25.25-b02"/>
    <property name="user.country.format" value="NO"/>
    <property name="java.vm.vendor" value="Oracle Corporation"/>
    <property name="maven.multiModuleProjectDirectory" value="C:\Users\ivers_000\workspace\StorageSystem"/>
    <property name="java.vendor.url" value="http://java.oracle.com/"/>
    <property name="path.separator" value=";"/>
    <property name="guice.disable.misplaced.annotation.check" value="true"/>
    <property name="java.vm.name" value="Java HotSpot(TM) 64-Bit Server VM"/>
    <property name="file.encoding.pkg" value="sun.io"/>
    <property name="user.script" value=""/>
    <property name="user.country" value="US"/>
    <property name="sun.java.launcher" value="SUN_STANDARD"/>
    <property name="sun.os.patch.level" value=""/>
    <property name="java.vm.specification.name" value="Java Virtual Machine Specification"/>
    <property name="user.dir" value="C:\Users\ivers_000\workspace\StorageSystem"/>
    <property name="java.runtime.version" value="1.8.0_25-b18"/>
    <property name="java.awt.graphicsenv" value="sun.awt.Win32GraphicsEnvironment"/>
    <property name="java.endorsed.dirs" value="C:\Program Files\Java\jdk1.8.0_25\jre\lib\endorsed"/>
    <property name="os.arch" value="amd64"/>
    <property name="java.io.tmpdir" value="C:\Users\IVERS_~1\AppData\Local\Temp\"/>
    <property name="line.separator" value="
"/>
    <property name="java.vm.specification.vendor" value="Oracle Corporation"/>
    <property name="user.variant" value=""/>
    <property name="os.name" value="Windows 8.1"/>
    <property name="classworlds.conf" value="C:\Users\ivers_000\workspace\.metadata\.plugins\org.eclipse.m2e.launching\launches\m2conf1666812825708478094.tmp"/>
    <property name="sun.jnu.encoding" value="Cp1252"/>
    <property name="java.library.path" value="C:\Program Files\Java\jdk1.8.0_25\bin;C:\WINDOWS\Sun\Java\bin;C:\WINDOWS\system32;C:\WINDOWS;C:/Program Files/Java/jre1.8.0_60/bin/server;C:/Program Files/Java/jre1.8.0_60/bin;C:/Program Files/Java/jre1.8.0_60/lib/amd64;C:\Program Files (x86)\NVIDIA Corporation\PhysX\Common;C:\ProgramData\Oracle\Java\javapath;C:\Program Files (x86)\Intel\iCLS Client\;C:\Program Files\Intel\iCLS Client\;C:\Windows\system32;C:\Windows;C:\Windows\System32\Wbem;C:\Windows\System32\WindowsPowerShell\v1.0\;C:\Program Files (x86)\ATI Technologies\ATI.ACE\Core-Static;C:\Program Files\Intel\Intel(R) Management Engine Components\DAL;C:\Program Files (x86)\Intel\Intel(R) Management Engine Components\DAL;C:\Program Files\Intel\Intel(R) Management Engine Components\IPT;C:\Program Files (x86)\Intel\Intel(R) Management Engine Components\IPT;C:\tools\MinGW64\bin;C:\tools\doxygen\bin;C:\tools\MinGW64\x86_64-w64-mingw32\lib32;C:\tools\MinGW64\x86_64-w64-mingw32\include;C:\tools\CMake\bin;C:\tools\GnuWin32\bin;C:\Program Files (x86)\MiKTeX 2.9\miktex\bin;C:\Windows\SysWOW64;C:\Program Files (x86)\AMD\ATI.ACE\Core-Static;C:\WINDOWS\system32;C:\WINDOWS;C:\WINDOWS\System32\Wbem;C:\WINDOWS\System32\WindowsPowerShell\v1.0\;C:\Program Files (x86)\Apache\maven\bin;C:\Program Files (x86)\MySQL\MySQL Fabric 1.5 &amp; MySQL Utilities 1.5\;C:\Program Files (x86)\MySQL\MySQL Fabric 1.5 &amp; MySQL Utilities 1.5\Doctrine extensions for PHP\;C:\WINDOWS\system32\config\systemprofile\.dnx\bin;C:\Program Files\Microsoft DNX\Dnvm\;C:\Program Files\Microsoft SQL Server\Client SDK\ODBC\110\Tools\Binn\;C:\Program Files (x86)\Microsoft SQL Server\120\Tools\Binn\;C:\Program Files\Microsoft SQL Server\120\Tools\Binn\;C:\Program Files\Microsoft SQL Server\120\DTS\Binn\;C:\Program Files (x86)\Microsoft SQL Server\120\Tools\Binn\ManagementStudio\;C:\Program Files (x86)\Microsoft SQL Server\120\DTS\Binn\;C:\Program Files (x86)\Skype\Phone\;;C:\Program Files (x86)\eclipse;;."/>
    <property name="java.specification.name" value="Java Platform API Specification"/>
    <property name="java.class.version" value="52.0"/>
    <property name="sun.management.compiler" value="HotSpot 64-Bit Tiered Compilers"/>
    <property name="os.version" value="6.3"/>
    <property name="user.home" value="C:\Users\ivers_000"/>
    <property name="user.timezone" value="Europe/Berlin"/>
    <property name="java.awt.printerjob" value="sun.awt.windows.WPrinterJob"/>
    <property name="java.specification.version" value="1.8"/>
    <property name="file.encoding" value="Cp1252"/>
    <property name="user.name" value="Thomas"/>
    <property name="java.class.path" value="/C:/Program Files (x86)/eclipse/plugins/org.eclipse.m2e.maven.runtime_1.6.0.20150526-2031/jars/plexus-classworlds-2.5.2.jar"/>
    <property name="java.vm.specification.version" value="1.8"/>
    <property name="sun.arch.data.model" value="64"/>
    <property name="java.home" value="C:\Program Files\Java\jdk1.8.0_25\jre"/>
    <property name="sun.java.command" value="org.codehaus.plexus.classworlds.launcher.Launcher -B install"/>
    <property name="java.specification.vendor" value="Oracle Corporation"/>
    <property name="user.language" value="en"/>
    <property name="user.language.format" value="no"/>
    <property name="awt.toolkit" value="sun.awt.windows.WToolkit"/>
    <property name="java.vm.info" value="mixed mode"/>
    <property name="java.version" value="1.8.0_25"/>
    <property name="java.ext.dirs" value="C:\Program Files\Java\jdk1.8.0_25\jre\lib\ext;C:\WINDOWS\Sun\Java\lib\ext"/>
    <property name="sun.boot.class.path" value="C:\Program Files\Java\jdk1.8.0_25\jre\lib\resources.jar;C:\Program Files\Java\jdk1.8.0_25\jre\lib\rt.jar;C:\Program Files\Java\jdk1.8.0_25\jre\lib\sunrsasign.jar;C:\Program Files\Java\jdk1.8.0_25\jre\lib\jsse.jar;C:\Program Files\Java\jdk1.8.0_25\jre\lib\jce.jar;C:\Program Files\Java\jdk1.8.0_25\jre\lib\charsets.jar;C:\Program Files\Java\jdk1.8.0_25\jre\lib\jfr.jar;C:\Program Files\Java\jdk1.8.0_25\jre\classes"/>
    <property name="java.vendor" value="Oracle Corporation"/>
    <property name="maven.home" value="C:\Users\ivers_000\workspace\StorageSystem\EMBEDDED"/>
    <property name="file.separator" value="\"/>
    <property name="java.vendor.url.bug" value="http://bugreport.sun.com/bugreport/"/>
    <property name="sun.cpu.endian" value="little"/>
    <property name="sun.io.unicode.encoding" value="UnicodeLittle"/>
    <property name="sun.desktop" value="windows"/>
    <property name="sun.cpu.isalist" value="amd64"/>
  </properties>
  <testcase classname="no.dh.storagesystem.service.StorageSystemTest" name="testGetCustomerByPhone" time="0.026"/>
  <testcase classname="no.dh.storagesystem.service.StorageSystemTest" name="testGetAllCustomers" time="0.011"/>
  <testcase classname="no.dh.storagesystem.service.StorageSystemTest" name="testGetCustomerByName" time="0.008"/>
  <testcase classname="no.dh.storagesystem.service.StorageSystemTest" name="testGetProductByName" time="0.008"/>
  <testcase classname="no.dh.storagesystem.service.StorageSystemTest" name="testGetProductByShelfSpace" time="0.01"/>
  <testcase classname="no.dh.storagesystem.service.StorageSystemTest" name="testGetProductsByType" time="0.011"/>
  <testcase classname="no.dh.storagesystem.service.StorageSystemTest" name="testGetOrdersByDate" time="0.013"/>
  <testcase classname="no.dh.storagesystem.service.StorageSystemTest" name="testGetOrderByOrderNo" time="0.009"/>
  <testcase classname="no.dh.storagesystem.service.StorageSystemTest" name="testUpdateCustomer" time="0.007"/>
  <testcase classname="no.dh.storagesystem.service.StorageSystemTest" name="testRemoveOrderFromCustomer" time="0.01"/>
  <testcase classname="no.dh.storagesystem.service.StorageSystemTest" name="testAddOrderToCustomer" time="0.008"/>
  <testcase classname="no.dh.storagesystem.service.StorageSystemTest" name="testGetOrdersByCustomer" time="0.014"/>
  <testcase classname="no.dh.storagesystem.service.StorageSystemTest" name="testGetAllProducts" time="0.008"/>
  <testcase classname="no.dh.storagesystem.service.StorageSystemTest" name="testUpdateProduct" time="0.006"/>
  <testcase classname="no.dh.storagesystem.service.StorageSystemTest" name="testRemoveProductFromOrder" time="0.011"/>
  <testcase classname="no.dh.storagesystem.service.StorageSystemTest" name="testAddProductToOrder" time="0.008"/>
  <testcase classname="no.dh.storagesystem.service.StorageSystemTest" name="testGetCustomer" time="0.007"/>
  <testcase classname="no.dh.storagesystem.service.StorageSystemTest" name="testDelCustomer" time="0.009"/>
  <testcase classname="no.dh.storagesystem.service.StorageSystemTest" name="testGetProduct" time="0.009"/>
  <testcase classname="no.dh.storagesystem.service.StorageSystemTest" name="testAddCustomer" time="0.006"/>
  <testcase classname="no.dh.storagesystem.service.StorageSystemTest" name="testGetOrder" time="0.006"/>
  <testcase classname="no.dh.storagesystem.service.StorageSystemTest" name="testDelProduct" time="0.008"/>
  <testcase classname="no.dh.storagesystem.service.StorageSystemTest" name="testAddOrder" time="0.006"/>
  <testcase classname="no.dh.storagesystem.service.StorageSystemTest" name="testUpdateOrder" time="0.01"/>
  <testcase classname="no.dh.storagesystem.service.StorageSystemTest" name="testAddProduct" time="0.007"/>
  <testcase classname="no.dh.storagesystem.service.StorageSystemTest" name="testDelOrder" time="0.009"/>
  <testcase classname="no.dh.storagesystem.service.StorageSystemTest" name="testGetAllORders" time="0.01"/>
</testsuite>